This file contains any messages produced by compilers while
running configure, to aid debugging if configure makes a mistake.

It was created by configure, which was
generated by GNU Autoconf 2.69.  Invocation command line was

  $ ./configure --disable-option-checking --prefix=/usr/local --cache-file=/dev/null --srcdir=.

## --------- ##
## Platform. ##
## --------- ##

hostname = homestead
uname -m = x86_64
uname -r = 3.19.0-25-generic
uname -s = Linux
uname -v = #26~14.04.1-Ubuntu SMP Fri Jul 24 21:16:20 UTC 2015

/usr/bin/uname -p = unknown
/bin/uname -X     = unknown

/bin/arch              = unknown
/usr/bin/arch -k       = unknown
/usr/convex/getsysinfo = unknown
/usr/bin/hostinfo      = unknown
/bin/machine           = unknown
/usr/bin/oslevel       = unknown
/bin/universe          = unknown

PATH: /home/vagrant/.autojump/bin
PATH: /usr/local/sbin
PATH: /usr/local/bin
PATH: /usr/sbin
PATH: /usr/bin
PATH: /sbin
PATH: /bin
PATH: /usr/games
PATH: /usr/local/games
PATH: /home/vagrant/.config/composer/vendor/bin


## ----------- ##
## Core tests. ##
## ----------- ##

configure:2209: checking for grep that handles long lines and -e
configure:2267: result: /bin/grep
configure:2272: checking for egrep
configure:2334: result: /bin/grep -E
configure:2339: checking for a sed that does not truncate output
configure:2403: result: /bin/sed
configure:2542: checking for cc
configure:2558: found /usr/bin/cc
configure:2569: result: cc
configure:2600: checking for C compiler version
configure:2609: cc --version >&5
cc (Ubuntu 4.8.4-2ubuntu1~14.04.3) 4.8.4
Copyright (C) 2013 Free Software Foundation, Inc.
This is free software; see the source for copying conditions.  There is NO
warranty; not even for MERCHANTABILITY or FITNESS FOR A PARTICULAR PURPOSE.

configure:2620: $? = 0
configure:2609: cc -v >&5
Using built-in specs.
COLLECT_GCC=cc
COLLECT_LTO_WRAPPER=/usr/lib/gcc/x86_64-linux-gnu/4.8/lto-wrapper
Target: x86_64-linux-gnu
Configured with: ../src/configure -v --with-pkgversion='Ubuntu 4.8.4-2ubuntu1~14.04.3' --with-bugurl=file:///usr/share/doc/gcc-4.8/README.Bugs --enable-languages=c,c++,java,go,d,fortran,objc,obj-c++ --prefix=/usr --program-suffix=-4.8 --enable-shared --enable-linker-build-id --libexecdir=/usr/lib --without-included-gettext --enable-threads=posix --with-gxx-include-dir=/usr/include/c++/4.8 --libdir=/usr/lib --enable-nls --with-sysroot=/ --enable-clocale=gnu --enable-libstdcxx-debug --enable-libstdcxx-time=yes --enable-gnu-unique-object --disable-libmudflap --enable-plugin --with-system-zlib --disable-browser-plugin --enable-java-awt=gtk --enable-gtk-cairo --with-java-home=/usr/lib/jvm/java-1.5.0-gcj-4.8-amd64/jre --enable-java-home --with-jvm-root-dir=/usr/lib/jvm/java-1.5.0-gcj-4.8-amd64 --with-jvm-jar-dir=/usr/lib/jvm-exports/java-1.5.0-gcj-4.8-amd64 --with-arch-directory=amd64 --with-ecj-jar=/usr/share/java/eclipse-ecj.jar --enable-objc-gc --enable-multiarch --disable-werror --with-arch-32=i686 --with-abi=m64 --with-multilib-list=m32,m64,mx32 --with-tune=generic --enable-checking=release --build=x86_64-linux-gnu --host=x86_64-linux-gnu --target=x86_64-linux-gnu
Thread model: posix
gcc version 4.8.4 (Ubuntu 4.8.4-2ubuntu1~14.04.3) 
configure:2620: $? = 0
configure:2609: cc -V >&5
cc: error: unrecognized command line option '-V'
cc: fatal error: no input files
compilation terminated.
configure:2620: $? = 4
configure:2609: cc -qversion >&5
cc: error: unrecognized command line option '-qversion'
cc: fatal error: no input files
compilation terminated.
configure:2620: $? = 4
configure:2640: checking whether the C compiler works
configure:2662: cc    conftest.c -lrt -lpthread  >&5
configure:2666: $? = 0
configure:2714: result: yes
configure:2717: checking for C compiler default output file name
configure:2719: result: a.out
configure:2725: checking for suffix of executables
configure:2732: cc -o conftest    conftest.c -lrt -lpthread  >&5
configure:2736: $? = 0
configure:2758: result: 
configure:2780: checking whether we are cross compiling
configure:2788: cc -o conftest    conftest.c -lrt -lpthread  >&5
configure:2792: $? = 0
configure:2799: ./conftest
configure:2803: $? = 0
configure:2818: result: no
configure:2823: checking for suffix of object files
configure:2845: cc -c   conftest.c >&5
configure:2849: $? = 0
configure:2870: result: o
configure:2874: checking whether we are using the GNU C compiler
configure:2893: cc -c   conftest.c >&5
configure:2893: $? = 0
configure:2902: result: yes
configure:2911: checking whether cc accepts -g
configure:2931: cc -c -g  conftest.c >&5
configure:2931: $? = 0
configure:2972: result: yes
configure:2989: checking for cc option to accept ISO C89
configure:3052: cc  -c -g -O2  conftest.c >&5
configure:3052: $? = 0
configure:3065: result: none needed
configure:3091: checking how to run the C preprocessor
configure:3122: cc -E  conftest.c
configure:3122: $? = 0
configure:3136: cc -E  conftest.c
conftest.c:9:28: fatal error: ac_nonexistent.h: No such file or directory
 #include <ac_nonexistent.h>
                            ^
compilation terminated.
configure:3136: $? = 1
configure: failed program was:
| /* confdefs.h */
| #define PACKAGE_NAME ""
| #define PACKAGE_TARNAME ""
| #define PACKAGE_VERSION ""
| #define PACKAGE_STRING ""
| #define PACKAGE_BUGREPORT ""
| #define PACKAGE_URL ""
| /* end confdefs.h.  */
| #include <ac_nonexistent.h>
configure:3161: result: cc -E
configure:3181: cc -E  conftest.c
configure:3181: $? = 0
configure:3195: cc -E  conftest.c
conftest.c:9:28: fatal error: ac_nonexistent.h: No such file or directory
 #include <ac_nonexistent.h>
                            ^
compilation terminated.
configure:3195: $? = 1
configure: failed program was:
| /* confdefs.h */
| #define PACKAGE_NAME ""
| #define PACKAGE_TARNAME ""
| #define PACKAGE_VERSION ""
| #define PACKAGE_STRING ""
| #define PACKAGE_BUGREPORT ""
| #define PACKAGE_URL ""
| /* end confdefs.h.  */
| #include <ac_nonexistent.h>
configure:3226: checking for icc
configure:3235: result: no
configure:3249: checking for suncc
configure:3258: result: no
configure:3276: checking whether cc understands -c and -o together
configure:3304: cc -c conftest.c -o conftest2.o >&5
configure:3308: $? = 0
configure:3314: cc -c conftest.c -o conftest2.o >&5
configure:3318: $? = 0
configure:3373: result: yes
configure:3387: checking for system library directory
configure:3402: result: lib
configure:3409: checking if compiler supports -R
configure:3428: cc -o conftest -g -O2   conftest.c -R /usr/lib -lrt -lpthread  >&5
cc: error: unrecognized command line option '-R'
configure:3428: $? = 1
configure: failed program was:
| /* confdefs.h */
| #define PACKAGE_NAME ""
| #define PACKAGE_TARNAME ""
| #define PACKAGE_VERSION ""
| #define PACKAGE_STRING ""
| #define PACKAGE_BUGREPORT ""
| #define PACKAGE_URL ""
| /* end confdefs.h.  */
| 
| int
| main ()
| {
| 
|   ;
|   return 0;
| }
configure:3438: result: no
configure:3443: checking if compiler supports -Wl,-rpath,
configure:3462: cc -o conftest -g -O2   conftest.c -Wl,-rpath,/usr/lib -lrt -lpthread  >&5
configure:3462: $? = 0
configure:3472: result: yes
configure:3517: checking build system type
configure:3531: result: x86_64-unknown-linux-gnu
configure:3551: checking host system type
configure:3564: result: x86_64-unknown-linux-gnu
configure:3584: checking target system type
configure:3597: result: x86_64-unknown-linux-gnu
configure:3700: checking for PHP prefix
configure:3702: result: /usr
configure:3704: checking for PHP includes
configure:3706: result: -I/usr/include/php/20151012 -I/usr/include/php/20151012/main -I/usr/include/php/20151012/TSRM -I/usr/include/php/20151012/Zend -I/usr/include/php/20151012/ext -I/usr/include/php/20151012/ext/date/lib
configure:3708: checking for PHP extension directory
configure:3710: result: /usr/lib/php/20151012
configure:3712: checking for PHP installed headers prefix
configure:3714: result: /usr/include/php/20151012
configure:3717: checking if debug is enabled
configure:3743: result: no
configure:3746: checking if zts is enabled
configure:3772: result: no
configure:3843: checking for re2c
configure:3859: found /usr/bin/re2c
configure:3870: result: re2c
configure:3879: checking for re2c version
configure:3893: result: 0.13.5 (ok)
configure:3912: checking for gawk
configure:3943: result: no
configure:3912: checking for nawk
configure:3929: found /usr/bin/nawk
configure:3940: result: nawk
configure:3963: checking if nawk is broken
configure:3970: result: no
configure:3984: checking whether to enable the thrift_protocol extension
configure:4023: result: yes, shared
configure:4090: checking for g++
configure:4106: found /usr/bin/g++
configure:4117: result: g++
configure:4144: checking for C++ compiler version
configure:4153: g++ --version >&5
g++ (Ubuntu 4.8.4-2ubuntu1~14.04.3) 4.8.4
Copyright (C) 2013 Free Software Foundation, Inc.
This is free software; see the source for copying conditions.  There is NO
warranty; not even for MERCHANTABILITY or FITNESS FOR A PARTICULAR PURPOSE.

configure:4164: $? = 0
configure:4153: g++ -v >&5
Using built-in specs.
COLLECT_GCC=g++
COLLECT_LTO_WRAPPER=/usr/lib/gcc/x86_64-linux-gnu/4.8/lto-wrapper
Target: x86_64-linux-gnu
Configured with: ../src/configure -v --with-pkgversion='Ubuntu 4.8.4-2ubuntu1~14.04.3' --with-bugurl=file:///usr/share/doc/gcc-4.8/README.Bugs --enable-languages=c,c++,java,go,d,fortran,objc,obj-c++ --prefix=/usr --program-suffix=-4.8 --enable-shared --enable-linker-build-id --libexecdir=/usr/lib --without-included-gettext --enable-threads=posix --with-gxx-include-dir=/usr/include/c++/4.8 --libdir=/usr/lib --enable-nls --with-sysroot=/ --enable-clocale=gnu --enable-libstdcxx-debug --enable-libstdcxx-time=yes --enable-gnu-unique-object --disable-libmudflap --enable-plugin --with-system-zlib --disable-browser-plugin --enable-java-awt=gtk --enable-gtk-cairo --with-java-home=/usr/lib/jvm/java-1.5.0-gcj-4.8-amd64/jre --enable-java-home --with-jvm-root-dir=/usr/lib/jvm/java-1.5.0-gcj-4.8-amd64 --with-jvm-jar-dir=/usr/lib/jvm-exports/java-1.5.0-gcj-4.8-amd64 --with-arch-directory=amd64 --with-ecj-jar=/usr/share/java/eclipse-ecj.jar --enable-objc-gc --enable-multiarch --disable-werror --with-arch-32=i686 --with-abi=m64 --with-multilib-list=m32,m64,mx32 --with-tune=generic --enable-checking=release --build=x86_64-linux-gnu --host=x86_64-linux-gnu --target=x86_64-linux-gnu
Thread model: posix
gcc version 4.8.4 (Ubuntu 4.8.4-2ubuntu1~14.04.3) 
configure:4164: $? = 0
configure:4153: g++ -V >&5
g++: error: unrecognized command line option '-V'
g++: fatal error: no input files
compilation terminated.
configure:4164: $? = 4
configure:4153: g++ -qversion >&5
g++: error: unrecognized command line option '-qversion'
g++: fatal error: no input files
compilation terminated.
configure:4164: $? = 4
configure:4168: checking whether we are using the GNU C++ compiler
configure:4187: g++ -c   conftest.cpp >&5
configure:4187: $? = 0
configure:4196: result: yes
configure:4205: checking whether g++ accepts -g
configure:4225: g++ -c -g  conftest.cpp >&5
configure:4225: $? = 0
configure:4266: result: yes
configure:4294: checking how to run the C++ preprocessor
configure:4321: g++ -E  conftest.cpp
configure:4321: $? = 0
configure:4335: g++ -E  conftest.cpp
conftest.cpp:9:28: fatal error: ac_nonexistent.h: No such file or directory
 #include <ac_nonexistent.h>
                            ^
compilation terminated.
configure:4335: $? = 1
configure: failed program was:
| /* confdefs.h */
| #define PACKAGE_NAME ""
| #define PACKAGE_TARNAME ""
| #define PACKAGE_VERSION ""
| #define PACKAGE_STRING ""
| #define PACKAGE_BUGREPORT ""
| #define PACKAGE_URL ""
| /* end confdefs.h.  */
| #include <ac_nonexistent.h>
configure:4360: result: g++ -E
configure:4380: g++ -E  conftest.cpp
configure:4380: $? = 0
configure:4394: g++ -E  conftest.cpp
conftest.cpp:9:28: fatal error: ac_nonexistent.h: No such file or directory
 #include <ac_nonexistent.h>
                            ^
compilation terminated.
configure:4394: $? = 1
configure: failed program was:
| /* confdefs.h */
| #define PACKAGE_NAME ""
| #define PACKAGE_TARNAME ""
| #define PACKAGE_VERSION ""
| #define PACKAGE_STRING ""
| #define PACKAGE_BUGREPORT ""
| #define PACKAGE_URL ""
| /* end confdefs.h.  */
| #include <ac_nonexistent.h>
configure:4888: checking how to print strings
configure:4915: result: printf
configure:4936: checking for a sed that does not truncate output
configure:5000: result: /bin/sed
configure:5018: checking for fgrep
configure:5080: result: /bin/grep -F
configure:5115: checking for ld used by cc
configure:5182: result: /usr/bin/ld
configure:5189: checking if the linker (/usr/bin/ld) is GNU ld
configure:5204: result: yes
configure:5216: checking for BSD- or MS-compatible name lister (nm)
configure:5265: result: /usr/bin/nm -B
configure:5395: checking the name lister (/usr/bin/nm -B) interface
configure:5402: cc -c -g -O2  conftest.c >&5
configure:5405: /usr/bin/nm -B "conftest.o"
configure:5408: output
0000000000000000 B some_variable
configure:5415: result: BSD nm
configure:5418: checking whether ln -s works
configure:5422: result: yes
configure:5430: checking the maximum length of command line arguments
configure:5561: result: 1572864
configure:5578: checking whether the shell understands some XSI constructs
configure:5588: result: yes
configure:5592: checking whether the shell understands "+="
configure:5598: result: yes
configure:5633: checking how to convert x86_64-unknown-linux-gnu file names to x86_64-unknown-linux-gnu format
configure:5673: result: func_convert_file_noop
configure:5680: checking how to convert x86_64-unknown-linux-gnu file names to toolchain format
configure:5700: result: func_convert_file_noop
configure:5707: checking for /usr/bin/ld option to reload object files
configure:5714: result: -r
configure:5788: checking for objdump
configure:5804: found /usr/bin/objdump
configure:5815: result: objdump
configure:5847: checking how to recognize dependent libraries
configure:6045: result: pass_all
configure:6130: checking for dlltool
configure:6160: result: no
configure:6190: checking how to associate runtime and link libraries
configure:6217: result: printf %s\n
configure:6277: checking for ar
configure:6293: found /usr/bin/ar
configure:6304: result: ar
configure:6341: checking for archiver @FILE support
configure:6358: cc -c -g -O2  conftest.c >&5
configure:6358: $? = 0
configure:6361: ar cru libconftest.a @conftest.lst >&5
configure:6364: $? = 0
configure:6369: ar cru libconftest.a @conftest.lst >&5
ar: conftest.o: No such file or directory
configure:6372: $? = 1
configure:6384: result: @
configure:6442: checking for strip
configure:6458: found /usr/bin/strip
configure:6469: result: strip
configure:6541: checking for ranlib
configure:6557: found /usr/bin/ranlib
configure:6568: result: ranlib
configure:6645: checking for gawk
configure:6672: result: nawk
configure:6712: checking command to parse /usr/bin/nm -B output from cc object
configure:6832: cc -c -g -O2  conftest.c >&5
configure:6835: $? = 0
configure:6839: /usr/bin/nm -B conftest.o \| sed -n -e 's/^.*[ ]\([ABCDGIRSTW][ABCDGIRSTW]*\)[ ][ ]*\([_A-Za-z][_A-Za-z0-9]*\)$/\1 \2 \2/p' | sed '/ __gnu_lto/d' \> conftest.nm
configure:6842: $? = 0
configure:6908: cc -o conftest -g -O2   conftest.c conftstm.o >&5
configure:6911: $? = 0
configure:6949: result: ok
configure:6986: checking for sysroot
configure:7016: result: no
configure:7093: cc -c -g -O2  conftest.c >&5
configure:7096: $? = 0
configure:7285: checking for mt
configure:7301: found /bin/mt
configure:7312: result: mt
configure:7335: checking if mt is a manifest tool
configure:7341: mt '-?'
configure:7349: result: no
configure:7986: checking for ANSI C header files
configure:8006: cc -c -g -O2  conftest.c >&5
configure:8006: $? = 0
configure:8079: cc -o conftest -g -O2   conftest.c -lstdc++ -lrt -lpthread  >&5
configure:8079: $? = 0
configure:8079: ./conftest
configure:8079: $? = 0
configure:8090: result: yes
configure:8103: checking for sys/types.h
configure:8103: cc -c -g -O2  conftest.c >&5
configure:8103: $? = 0
configure:8103: result: yes
configure:8103: checking for sys/stat.h
configure:8103: cc -c -g -O2  conftest.c >&5
configure:8103: $? = 0
configure:8103: result: yes
configure:8103: checking for stdlib.h
configure:8103: cc -c -g -O2  conftest.c >&5
configure:8103: $? = 0
configure:8103: result: yes
configure:8103: checking for string.h
configure:8103: cc -c -g -O2  conftest.c >&5
configure:8103: $? = 0
configure:8103: result: yes
configure:8103: checking for memory.h
configure:8103: cc -c -g -O2  conftest.c >&5
configure:8103: $? = 0
configure:8103: result: yes
configure:8103: checking for strings.h
configure:8103: cc -c -g -O2  conftest.c >&5
configure:8103: $? = 0
configure:8103: result: yes
configure:8103: checking for inttypes.h
configure:8103: cc -c -g -O2  conftest.c >&5
configure:8103: $? = 0
configure:8103: result: yes
configure:8103: checking for stdint.h
configure:8103: cc -c -g -O2  conftest.c >&5
configure:8103: $? = 0
configure:8103: result: yes
configure:8103: checking for unistd.h
configure:8103: cc -c -g -O2  conftest.c >&5
configure:8103: $? = 0
configure:8103: result: yes
configure:8117: checking for dlfcn.h
configure:8117: cc -c -g -O2  conftest.c >&5
configure:8117: $? = 0
configure:8117: result: yes
configure:8334: checking for objdir
configure:8349: result: .libs
configure:8620: checking if cc supports -fno-rtti -fno-exceptions
configure:8638: cc -c -g -O2  -fno-rtti -fno-exceptions conftest.c >&5
cc1: warning: command line option '-fno-rtti' is valid for C++/ObjC++ but not for C [enabled by default]
configure:8642: $? = 0
configure:8655: result: no
configure:8982: checking for cc option to produce PIC
configure:8989: result: -fPIC -DPIC
configure:8997: checking if cc PIC flag -fPIC -DPIC works
configure:9015: cc -c -g -O2  -fPIC -DPIC -DPIC conftest.c >&5
configure:9019: $? = 0
configure:9032: result: yes
configure:9061: checking if cc static flag -static works
configure:9089: result: yes
configure:9104: checking if cc supports -c -o file.o
configure:9125: cc -c -g -O2  -o out/conftest2.o conftest.c >&5
configure:9129: $? = 0
configure:9151: result: yes
configure:9159: checking if cc supports -c -o file.o
configure:9206: result: yes
configure:9239: checking whether the cc linker (/usr/bin/ld -m elf_x86_64) supports shared libraries
configure:10396: result: yes
configure:10433: checking whether -lc should be explicitly linked in
configure:10441: cc -c -g -O2  conftest.c >&5
configure:10444: $? = 0
configure:10459: cc -shared  -fPIC -DPIC conftest.o  -v -Wl,-soname -Wl,conftest -o conftest 2\>\&1 \| /bin/grep  -lc  \>/dev/null 2\>\&1
configure:10462: $? = 0
configure:10476: result: no
configure:10636: checking dynamic linker characteristics
configure:11136: cc -o conftest -g -O2   -Wl,-rpath -Wl,/foo conftest.c -lstdc++ -lrt -lpthread  >&5
configure:11136: $? = 0
configure:11370: result: GNU/Linux ld.so
configure:11477: checking how to hardcode library paths into programs
configure:11502: result: immediate
configure:12042: checking whether stripping libraries is possible
configure:12047: result: yes
configure:12082: checking if libtool supports shared libraries
configure:12084: result: yes
configure:12087: checking whether to build shared libraries
configure:12108: result: yes
configure:12111: checking whether to build static libraries
configure:12115: result: no
configure:12138: checking how to run the C++ preprocessor
configure:12204: result: g++ -E
configure:12224: g++ -E  conftest.cpp
configure:12224: $? = 0
configure:12238: g++ -E  conftest.cpp
conftest.cpp:22:28: fatal error: ac_nonexistent.h: No such file or directory
 #include <ac_nonexistent.h>
                            ^
compilation terminated.
configure:12238: $? = 1
configure: failed program was:
| /* confdefs.h */
| #define PACKAGE_NAME ""
| #define PACKAGE_TARNAME ""
| #define PACKAGE_VERSION ""
| #define PACKAGE_STRING ""
| #define PACKAGE_BUGREPORT ""
| #define PACKAGE_URL ""
| #define COMPILE_DL_THRIFT_PROTOCOL 1
| #define STDC_HEADERS 1
| #define HAVE_SYS_TYPES_H 1
| #define HAVE_SYS_STAT_H 1
| #define HAVE_STDLIB_H 1
| #define HAVE_STRING_H 1
| #define HAVE_MEMORY_H 1
| #define HAVE_STRINGS_H 1
| #define HAVE_INTTYPES_H 1
| #define HAVE_STDINT_H 1
| #define HAVE_UNISTD_H 1
| #define HAVE_DLFCN_H 1
| #define LT_OBJDIR ".libs/"
| /* end confdefs.h.  */
| #include <ac_nonexistent.h>
configure:12407: checking for ld used by g++
configure:12474: result: /usr/bin/ld -m elf_x86_64
configure:12481: checking if the linker (/usr/bin/ld -m elf_x86_64) is GNU ld
configure:12496: result: yes
configure:12551: checking whether the g++ linker (/usr/bin/ld -m elf_x86_64) supports shared libraries
configure:13553: result: yes
configure:13589: g++ -c -g -O2 -std=c++11  conftest.cpp >&5
configure:13592: $? = 0
configure:14112: checking for g++ option to produce PIC
configure:14119: result: -fPIC -DPIC
configure:14127: checking if g++ PIC flag -fPIC -DPIC works
configure:14145: g++ -c -g -O2 -std=c++11  -fPIC -DPIC -DPIC conftest.cpp >&5
configure:14149: $? = 0
configure:14162: result: yes
configure:14185: checking if g++ static flag -static works
configure:14213: result: yes
configure:14225: checking if g++ supports -c -o file.o
configure:14246: g++ -c -g -O2 -std=c++11  -o out/conftest2.o conftest.cpp >&5
configure:14250: $? = 0
configure:14272: result: yes
configure:14277: checking if g++ supports -c -o file.o
configure:14324: result: yes
configure:14354: checking whether the g++ linker (/usr/bin/ld -m elf_x86_64) supports shared libraries
configure:14393: result: yes
configure:14534: checking dynamic linker characteristics
configure:15202: result: GNU/Linux ld.so
configure:15255: checking how to hardcode library paths into programs
configure:15280: result: immediate
configure:15580: creating ./config.status

## ---------------------- ##
## Running config.status. ##
## ---------------------- ##

This file was extended by config.status, which was
generated by GNU Autoconf 2.69.  Invocation command line was

  CONFIG_FILES    = 
  CONFIG_HEADERS  = 
  CONFIG_LINKS    = 
  CONFIG_COMMANDS = 
  $ ./config.status 

on homestead

config.status:942: creating config.h
config.status:1046: executing libtool commands

## ---------------- ##
## Cache variables. ##
## ---------------- ##

ac_cv_build=x86_64-unknown-linux-gnu
ac_cv_c_compiler_gnu=yes
ac_cv_cxx_compiler_gnu=yes
ac_cv_env_CCC_set=
ac_cv_env_CCC_value=
ac_cv_env_CC_set=
ac_cv_env_CC_value=
ac_cv_env_CFLAGS_set=
ac_cv_env_CFLAGS_value=
ac_cv_env_CPPFLAGS_set=set
ac_cv_env_CPPFLAGS_value=
ac_cv_env_CPP_set=
ac_cv_env_CPP_value=
ac_cv_env_CXXCPP_set=
ac_cv_env_CXXCPP_value=
ac_cv_env_CXXFLAGS_set=
ac_cv_env_CXXFLAGS_value=
ac_cv_env_CXX_set=
ac_cv_env_CXX_value=
ac_cv_env_LDFLAGS_set=set
ac_cv_env_LDFLAGS_value=
ac_cv_env_LIBS_set=set
ac_cv_env_LIBS_value='-lrt -lpthread '
ac_cv_env_build_alias_set=
ac_cv_env_build_alias_value=
ac_cv_env_host_alias_set=
ac_cv_env_host_alias_value=
ac_cv_env_target_alias_set=
ac_cv_env_target_alias_value=
ac_cv_header_dlfcn_h=yes
ac_cv_header_inttypes_h=yes
ac_cv_header_memory_h=yes
ac_cv_header_stdc=yes
ac_cv_header_stdint_h=yes
ac_cv_header_stdlib_h=yes
ac_cv_header_string_h=yes
ac_cv_header_strings_h=yes
ac_cv_header_sys_stat_h=yes
ac_cv_header_sys_types_h=yes
ac_cv_header_unistd_h=yes
ac_cv_host=x86_64-unknown-linux-gnu
ac_cv_objext=o
ac_cv_path_EGREP='/bin/grep -E'
ac_cv_path_FGREP='/bin/grep -F'
ac_cv_path_GREP=/bin/grep
ac_cv_path_SED=/bin/sed
ac_cv_prog_AWK=nawk
ac_cv_prog_CPP='cc -E'
ac_cv_prog_CXXCPP='g++ -E'
ac_cv_prog_RE2C=re2c
ac_cv_prog_ac_ct_AR=ar
ac_cv_prog_ac_ct_CC=cc
ac_cv_prog_ac_ct_CXX=g++
ac_cv_prog_ac_ct_MANIFEST_TOOL=mt
ac_cv_prog_ac_ct_OBJDUMP=objdump
ac_cv_prog_ac_ct_RANLIB=ranlib
ac_cv_prog_ac_ct_STRIP=strip
ac_cv_prog_cc_c89=
ac_cv_prog_cc_cc_c_o=yes
ac_cv_prog_cc_g=yes
ac_cv_prog_cxx_g=yes
ac_cv_target=x86_64-unknown-linux-gnu
lt_cv_ar_at_file=@
lt_cv_archive_cmds_need_lc=no
lt_cv_deplibs_check_method=pass_all
lt_cv_file_magic_cmd='$MAGIC_CMD'
lt_cv_file_magic_test_file=
lt_cv_ld_reload_flag=-r
lt_cv_nm_interface='BSD nm'
lt_cv_objdir=.libs
lt_cv_path_LD=/usr/bin/ld
lt_cv_path_LDCXX='/usr/bin/ld -m elf_x86_64'
lt_cv_path_NM='/usr/bin/nm -B'
lt_cv_path_mainfest_tool=no
lt_cv_prog_compiler_c_o=yes
lt_cv_prog_compiler_c_o_CXX=yes
lt_cv_prog_compiler_pic='-fPIC -DPIC'
lt_cv_prog_compiler_pic_CXX='-fPIC -DPIC'
lt_cv_prog_compiler_pic_works=yes
lt_cv_prog_compiler_pic_works_CXX=yes
lt_cv_prog_compiler_rtti_exceptions=no
lt_cv_prog_compiler_static_works=yes
lt_cv_prog_compiler_static_works_CXX=yes
lt_cv_prog_gnu_ld=yes
lt_cv_prog_gnu_ldcxx=yes
lt_cv_sharedlib_from_linklib_cmd='printf %s\n'
lt_cv_shlibpath_overrides_runpath=no
lt_cv_sys_global_symbol_pipe='sed -n -e '\''s/^.*[	 ]\([ABCDGIRSTW][ABCDGIRSTW]*\)[	 ][	 ]*\([_A-Za-z][_A-Za-z0-9]*\)$/\1 \2 \2/p'\'' | sed '\''/ __gnu_lto/d'\'''
lt_cv_sys_global_symbol_to_c_name_address='sed -n -e '\''s/^: \([^ ]*\)[ ]*$/  {\"\1\", (void *) 0},/p'\'' -e '\''s/^[ABCDGIRSTW]* \([^ ]*\) \([^ ]*\)$/  {"\2", (void *) \&\2},/p'\'''
lt_cv_sys_global_symbol_to_c_name_address_lib_prefix='sed -n -e '\''s/^: \([^ ]*\)[ ]*$/  {\"\1\", (void *) 0},/p'\'' -e '\''s/^[ABCDGIRSTW]* \([^ ]*\) \(lib[^ ]*\)$/  {"\2", (void *) \&\2},/p'\'' -e '\''s/^[ABCDGIRSTW]* \([^ ]*\) \([^ ]*\)$/  {"lib\2", (void *) \&\2},/p'\'''
lt_cv_sys_global_symbol_to_cdecl='sed -n -e '\''s/^T .* \(.*\)$/extern int \1();/p'\'' -e '\''s/^[ABCDGIRSTW]* .* \(.*\)$/extern char \1;/p'\'''
lt_cv_sys_max_cmd_len=1572864
lt_cv_to_host_file_cmd=func_convert_file_noop
lt_cv_to_tool_file_cmd=func_convert_file_noop
php_cv_cc_dashr=no
php_cv_cc_rpath=yes
php_cv_re2c_version='0.13.5 (ok)'

## ----------------- ##
## Output variables. ##
## ----------------- ##

AR='ar'
AWK='nawk'
CC='cc'
CFLAGS='-g -O2'
CONFIGURE_COMMAND=' '\''./configure'\''  '\''--disable-option-checking'\'' '\''--prefix=/usr/local'\'' '\''--cache-file=/dev/null'\'' '\''--srcdir=.'\'' '\''LDFLAGS='\'' '\''CPPFLAGS='\'''
CONFIGURE_OPTIONS=' '\''--disable-option-checking'\'' '\''--prefix=/usr/local'\'' '\''--cache-file=/dev/null'\'' '\''--srcdir=.'\'' '\''LDFLAGS='\'' '\''CPPFLAGS='\'''
CPP='cc -E'
CPPFLAGS=' -DHAVE_CONFIG_H'
CXX='g++'
CXXCPP='g++ -E'
CXXFLAGS='-g -O2 -std=c++11'
DEFS='-DHAVE_CONFIG_H'
DLLTOOL='false'
DSYMUTIL=''
DUMPBIN=''
ECHO_C=''
ECHO_N='-n'
ECHO_T=''
EGREP='/bin/grep -E'
EXEEXT=''
FGREP='/bin/grep -F'
GREP='/bin/grep'
LD='/usr/bin/ld -m elf_x86_64'
LDFLAGS=''
LIBOBJS=''
LIBS='-lstdc++ -lrt -lpthread '
LIBTOOL='$(SHELL) $(top_builddir)/libtool'
LIPO=''
LN_S='ln -s'
LTLIBOBJS=''
MANIFEST_TOOL=':'
NM='/usr/bin/nm -B'
NMEDIT=''
OBJDUMP='objdump'
OBJEXT='o'
OTOOL64=''
OTOOL=''
PACKAGE_BUGREPORT=''
PACKAGE_NAME=''
PACKAGE_STRING=''
PACKAGE_TARNAME=''
PACKAGE_URL=''
PACKAGE_VERSION=''
PATH_SEPARATOR=':'
RANLIB='ranlib'
RE2C='re2c'
SED='/bin/sed'
SHELL='/bin/bash'
SHLIB_DL_SUFFIX_NAME='so'
SHLIB_SUFFIX_NAME='so'
STRIP='strip'
ac_ct_AR='ar'
ac_ct_CC='cc'
ac_ct_CXX='g++'
ac_ct_DUMPBIN=''
bindir='${exec_prefix}/bin'
build='x86_64-unknown-linux-gnu'
build_alias=''
build_cpu='x86_64'
build_os='linux-gnu'
build_vendor='unknown'
datadir='${datarootdir}'
datarootdir='${prefix}/share'
docdir='${datarootdir}/doc/${PACKAGE}'
dvidir='${docdir}'
exec_prefix='$(prefix)'
host='x86_64-unknown-linux-gnu'
host_alias='x86_64-unknown-linux-gnu'
host_cpu='x86_64'
host_os='linux-gnu'
host_vendor='unknown'
htmldir='${docdir}'
includedir='${prefix}/include'
infodir='${datarootdir}/info'
libdir='${exec_prefix}/lib'
libexecdir='${exec_prefix}/libexec'
localedir='${datarootdir}/locale'
localstatedir='${prefix}/var'
mandir='${datarootdir}/man'
oldincludedir='/usr/include'
pdfdir='${docdir}'
prefix='/usr'
program_transform_name='s,x,x,'
psdir='${docdir}'
sbindir='${exec_prefix}/sbin'
sharedstatedir='${prefix}/com'
sysconfdir='${prefix}/etc'
target='x86_64-unknown-linux-gnu'
target_alias=''
target_cpu='x86_64'
target_os='linux-gnu'
target_vendor='unknown'

## ----------- ##
## confdefs.h. ##
## ----------- ##

/* confdefs.h */
#define PACKAGE_NAME ""
#define PACKAGE_TARNAME ""
#define PACKAGE_VERSION ""
#define PACKAGE_STRING ""
#define PACKAGE_BUGREPORT ""
#define PACKAGE_URL ""
#define COMPILE_DL_THRIFT_PROTOCOL 1
#define STDC_HEADERS 1
#define HAVE_SYS_TYPES_H 1
#define HAVE_SYS_STAT_H 1
#define HAVE_STDLIB_H 1
#define HAVE_STRING_H 1
#define HAVE_MEMORY_H 1
#define HAVE_STRINGS_H 1
#define HAVE_INTTYPES_H 1
#define HAVE_STDINT_H 1
#define HAVE_UNISTD_H 1
#define HAVE_DLFCN_H 1
#define LT_OBJDIR ".libs/"

configure: exit 0
